
=== Wed Dec 23 20:13:29 2020

Packages were changed.
Update Mode: mergeDefaultDependencies

The following packages were added:
  com.unity.collab-proxy@1.3.9
  com.unity.ide.rider@1.2.1
  com.unity.ide.visualstudio@2.0.5
  com.unity.ide.vscode@1.2.3
  com.unity.modules.ai@1.0.0
  com.unity.modules.androidjni@1.0.0
  com.unity.modules.animation@1.0.0
  com.unity.modules.assetbundle@1.0.0
  com.unity.modules.audio@1.0.0
  com.unity.modules.cloth@1.0.0
  com.unity.modules.director@1.0.0
  com.unity.modules.imageconversion@1.0.0
  com.unity.modules.imgui@1.0.0
  com.unity.modules.jsonserialize@1.0.0
  com.unity.modules.particlesystem@1.0.0
  com.unity.modules.physics@1.0.0
  com.unity.modules.physics2d@1.0.0
  com.unity.modules.screencapture@1.0.0
  com.unity.modules.terrain@1.0.0
  com.unity.modules.terrainphysics@1.0.0
  com.unity.modules.tilemap@1.0.0
  com.unity.modules.ui@1.0.0
  com.unity.modules.uielements@1.0.0
  com.unity.modules.umbra@1.0.0
  com.unity.modules.unityanalytics@1.0.0
  com.unity.modules.unitywebrequest@1.0.0
  com.unity.modules.unitywebrequestassetbundle@1.0.0
  com.unity.modules.unitywebrequestaudio@1.0.0
  com.unity.modules.unitywebrequesttexture@1.0.0
  com.unity.modules.unitywebrequestwww@1.0.0
  com.unity.modules.vehicles@1.0.0
  com.unity.modules.video@1.0.0
  com.unity.modules.vr@1.0.0
  com.unity.modules.wind@1.0.0
  com.unity.modules.xr@1.0.0
  com.unity.test-framework@1.1.19
  com.unity.textmeshpro@3.0.1
  com.unity.timeline@1.3.6
  com.unity.ugui@1.0.0

=== Sun Oct 23 09:59:38 2022

Packages were changed.
Update Mode: updateDependencies

The following packages were added:
  com.unity.ai.navigation@1.1.0-pre.1
The following packages were updated:
  com.unity.collab-proxy from version 1.3.9 to 1.17.2
  com.unity.ide.rider from version 1.2.1 to 3.0.15
  com.unity.ide.visualstudio from version 2.0.5 to 2.0.16
  com.unity.ide.vscode from version 1.2.3 to 1.2.5
  com.unity.test-framework from version 1.1.19 to 1.1.33
  com.unity.textmeshpro from version 3.0.1 to 3.0.6
  com.unity.timeline from version 1.3.6 to 1.7.1

=== Thu Dec 29 07:54:08 2022

Packages were changed.
Update Mode: updateDependencies

The following packages were updated:
  com.unity.ai.navigation from version 1.1.0-pre.1 to 1.1.1
  com.unity.collab-proxy from version 1.17.2 to 1.17.6
  com.unity.ide.rider from version 3.0.15 to 3.0.16
  com.unity.test-framework from version 1.1.33 to 1.3.1
  com.unity.timeline from version 1.7.1 to 1.8.0
